<?xml version="1.0" encoding="UTF-8"?>
<!-- Generated by org.testng.reporters.JUnitXMLReporter -->
<testsuite ignored="0" hostname="WINCTRL-BKLIGP2" failures="1" tests="1" name="Test firefox" time="0.016" errors="0" timestamp="2023-01-14T11:05:52 IST">
  <testcase classname="TestNG.multibrowser" name="TC1" time="0.0">
    <failure type="org.testng.TestNGException" message="
Parameter &amp;apos;browserName&amp;apos; is required by @Test on method TC1 but has not been marked @Optional or defined
in C:\Users\Shree\eclipse-workspace\6 Aug Mornning a selanium\testng1.xml">
      <![CDATA[org.testng.TestNGException: 
Parameter 'browserName' is required by @Test on method TC1 but has not been marked @Optional or defined
in C:\Users\Shree\eclipse-workspace\6 Aug Mornning a selanium\testng1.xml
at java.base/java.util.ArrayList.forEach(ArrayList.java:1511)
... Removed 26 stack frames]]>
    </failure>
  </testcase> <!-- TC1 -->
</testsuite> <!-- Test firefox -->
